HAPLO-01.001   
01   001   1001     43%    -83.32701     0.2      0     8    0    0    0    0   
       0       0
       0       0
       0       0
       0       0
       0       0
       0       0
       0       0
       0       0
       0       0
       0       0
       0       0
       0       0
       0       0
       0       0
       0       0
       0       0
       0       0
       0       0
       0       0
       0       0
       0       0
       0       0
       0       0
       0       0
       0       0
       0       0
       0       0
       0       0
       0       0
       0       0
       0       0
       0       0
       0       0
       0       0
       0       0
       0       0
       0       0
       0       0
       0       0
       0       0
       0       0
       0       0
       0       0
       0       0
       0       0
       0       0
       0       0
       0       0
       0       0
       0       0
HAPLO-01.002   
01   002   1002     44%    -85.21521     0.3      0    10    0    0    0    0   
       0       0
       0       0
       0       0
       0       0
       0       0
       0       0
       0       0
       0       0
       0       0
       0       0
       0       0
       0       0
       0       0
       0       0
       0       0
       0       0
       0       0
       0       0
       0       0
       0       0
       0       0
       0       0
       0       0
       0       0
       0       0
       0       0
       0       0
       0       0
       0       0
       0       0
       0       0
       0       0
       0       0
       0       0
       0       0
       0       0
       0       0
       0       0
       0       0
       0       0
       0       0
       0       0
       0       0
       0       0
       0       0
       0       0
       0       0
       0       0
       0       0
       0       0
HAPLO-01.003   
01   003   1003     47%    -76.86296     0.2      1     7    1    0    0    0   
       0       0
       0       0
       0       0
       0       0
       0       0
       0       0
       0       0
       0       0
       0       0
       0       0
       0       0
       0       0
       0       0
       0       0
       0       0
       0       0
       0       0
       0       0
       0       0
       0       0
       0       0
       0       0
       0       1
       0       0
       0       0
       0       0
       0       0
       0       0
       0       0
       0       0
       0       0
       0       0
       0       0
       0       0
       0       0
       0       0
       0       0
       0       0
       0       0
       0       0
       0       0
       0       0
       0       0
       0       0
       0       0
       0       0
       0       0
       0       0
       0       0
       0       1
HAPLO-01.004   
01   004   1004     98%   -136.58505     0.9      2    26    2    0    0    0 *!
       0       0
       0       0
       0       0
       0       0
       0       0
       0       0
       0       0
       0       0
       0       0
       0       0
       0       0
       0       0
       0       0
       0       0
       0       0
       0       0
       0       0
       0       0
       0       0
       0       0
       0       0
       0       0
       0       0
       0       0
       0       0
       0       0
       0       1
       0       0
       0       0
       0       0
       0       0
       0       0
       0       0
       0       0
       0       0
       0       0
       0       0
       0       0
       0       0
       0       0
       0       0
       0       0
       0       0
       0       1
       0       0
       0       0
       0       0
       0       0
       0       0
       0       2
       4       4       5       5       2      14
      16       8       8      27      14      13       5     414     0.30065
