************************************************************************
* Output from:                                Mon May 13 10:32:50 2013 *
*                                                                      *
*        GENEHUNTER-MODSCORE - A modified version of GENEHUNTER        *
*                             (version 3.0)                            *
*                                                                      *
************************************************************************

'photo' is on: file is 'gh_11.out'

npl:2> load markers datain_11.06
Parsing Linkage marker data file...
marker rs533040 has 2 allele(s)
marker rs17193 has 2 allele(s)
marker rs9459417 has 2 allele(s)
marker rs220821 has 2 allele(s)
marker rs221724 has 2 allele(s)
marker rs6906719 has 2 allele(s)
marker rs6938249 has 2 allele(s)
marker rs2983505 has 2 allele(s)
marker rs7762160 has 2 allele(s)
marker rs9459464 has 2 allele(s)
marker rs3008054 has 2 allele(s)
marker rs9347084 has 2 allele(s)
marker rs1039001 has 2 allele(s)
marker rs6928719 has 2 allele(s)
marker rs10455964 has 2 allele(s)
marker rs7741397 has 2 allele(s)
marker rs955075 has 2 allele(s)
marker rs6899687 has 2 allele(s)
marker rs300148 has 2 allele(s)
marker rs2166251 has 2 allele(s)
marker rs2305089 has 2 allele(s)
marker rs12190692 has 2 allele(s)
marker rs4709109 has 2 allele(s)
marker rs6910073 has 2 allele(s)
marker rs6934656 has 2 allele(s)
marker rs2343591 has 2 allele(s)
marker rs9355578 has 2 allele(s)
marker rs9355580 has 2 allele(s)
marker rs3817792 has 2 allele(s)
marker rs734560 has 2 allele(s)
marker rs12524741 has 2 allele(s)
marker rs1894660 has 2 allele(s)
marker rs378373 has 2 allele(s)
marker rs3823204 has 2 allele(s)
marker rs3823196 has 2 allele(s)
marker rs916390 has 2 allele(s)
marker rs6903559 has 2 allele(s)
marker rs6456102 has 2 allele(s)
marker rs760837 has 2 allele(s)
marker rs3734600 has 2 allele(s)
marker rs4710089 has 2 allele(s)
marker rs10946189 has 2 allele(s)
marker rs2881194 has 2 allele(s)
marker rs13216122 has 2 allele(s)
marker rs7755545 has 2 allele(s)
marker rs13213697 has 2 allele(s)
marker rs2757048 has 2 allele(s)
marker rs2149085 has 2 allele(s)
marker rs3798315 has 2 allele(s)
marker rs3093000 has 2 allele(s)
marker rs2180713 has 2 allele(s)
marker rs4709159 has 2 allele(s)
marker rs7749014 has 2 allele(s)
marker rs6934339 has 2 allele(s)
marker rs4364453 has 2 allele(s)
marker rs9364939 has 2 allele(s)
marker rs676740 has 2 allele(s)
marker rs2843011 has 2 allele(s)
marker rs11751451 has 2 allele(s)
marker rs3734900 has 2 allele(s)
marker rs9455952 has 2 allele(s)
marker rs12213265 has 2 allele(s)
marker rs9455576 has 2 allele(s)
marker rs4708668 has 2 allele(s)
marker rs12214678 has 2 allele(s)
marker rs4708445 has 2 allele(s)
marker rs2291098 has 2 allele(s)
marker rs9346682 has 2 allele(s)
marker rs12202943 has 2 allele(s)
marker rs1551988 has 2 allele(s)
marker rs4292501 has 2 allele(s)
marker rs2609299 has 2 allele(s)
marker rs2749266 has 2 allele(s)
marker rs9456183 has 2 allele(s)
marker rs11969025 has 2 allele(s)
marker rs3734421 has 2 allele(s)
marker rs911946 has 2 allele(s)
marker rs677107 has 2 allele(s)
marker rs9364289 has 2 allele(s)
marker rs9364309 has 2 allele(s)
marker rs9294935 has 2 allele(s)
marker rs4596451 has 2 allele(s)
marker rs9294943 has 2 allele(s)
marker rs12193635 has 2 allele(s)
marker rs9346612 has 2 allele(s)
marker rs9688959 has 2 allele(s)
marker rs1132782 has 2 allele(s)
marker rs9379341 has 2 allele(s)
marker rs6605524 has 2 allele(s)
marker rs9717830 has 2 allele(s)
marker rs9294983 has 2 allele(s)
marker rs9406330 has 2 allele(s)
marker rs9283852 has 2 allele(s)
marker rs7741251 has 2 allele(s)
marker rs4716360 has 2 allele(s)
marker rs9478102 has 2 allele(s)
marker rs6904219 has 2 allele(s)
marker rs4710807 has 2 allele(s)
marker rs1532389 has 2 allele(s)
marker rs10946292 has 2 allele(s)
marker rs4710758 has 2 allele(s)
marker rs745285 has 2 allele(s)
marker rs7763013 has 2 allele(s)
marker rs7771267 has 2 allele(s)
marker rs2983222 has 2 allele(s)
marker rs6909300 has 2 allele(s)
marker rs10806879 has 2 allele(s)
marker rs9356658 has 2 allele(s)
sex averaged recombination frequencies are being used
Map distances have been interpreted as recombination fractions.
In the following, genetic distances will be given in cM units.

108 markers read from Linkage marker data file (last one = rs9356658)
The selected markers and their positions can be found in the file
'user_markers_in_map'.

npl:3> use
Current map (108 markers):
rs533040 0.0938 rs17193 0.0597 rs9459417 0.1804 rs220821 0.2088 rs221724 0.0684 rs6906719 0.0573 rs6938249 0.0521 rs2983505 0.1107 rs7762160 0.0651 rs9459464 0.1471 rs3008054 0.0538 rs9347084 0.1092 rs1039001 0.1692 rs6928719 0.0611 rs10455964 0.1711 rs7741397 0.0543 rs955075 0.1239 rs6899687 0.0534 rs300148 0.0522 rs2166251 0.0512 rs2305089 0.1094 rs12190692 0.0527 rs4709109 0.1179 rs6910073 0.2326 rs6934656 0.1395 rs2343591 0.0607 rs9355578 0.3686 rs9355580 0.0886 rs3817792 0.0535 rs734560
0.0683 rs12524741 0.0784 rs1894660 0.0669 rs378373 0.0637 rs3823204 0.0515 rs3823196 0.1470 rs916390 0.0576 rs6903559 0.0561 rs6456102 0.0984 rs760837 0.0508 rs3734600 0.1714 rs4710089 0.1435 rs10946189 0.1626 rs2881194 0.1305 rs13216122 0.0639 rs7755545 0.0807 rs13213697 0.0561 rs2757048 0.0526 rs2149085 0.0768 rs3798315 0.1293 rs3093000 0.1826 rs2180713 0.0627 rs4709159 0.1725 rs7749014 0.1273 rs6934339 0.0521 rs4364453 0.0547 rs9364939 0.8721 rs676740 0.1144 rs2843011 0.0548 rs11751451 0.2268
rs3734900 0.0575 rs9455952 0.0515 rs12213265 0.0552 rs9455576 0.0537 rs4708668 0.1786 rs12214678 0.1713 rs4708445 0.0564 rs2291098 0.0543 rs9346682 0.0799 rs12202943 0.1380 rs1551988 0.0585 rs4292501 0.0647 rs2609299 0.0662 rs2749266 0.0831 rs9456183 0.0559 rs11969025 0.0632 rs3734421 0.0649 rs911946 0.0564 rs677107 0.0512 rs9364289 0.0807 rs9364309 0.0607 rs9294935 0.0734 rs4596451 0.1249 rs9294943 0.0503 rs12193635 0.2008 rs9346612 0.2385 rs9688959 0.0529 rs1132782 0.0568 rs9379341 0.0550
rs6605524 0.0626 rs9717830 0.1723 rs9294983 0.1173 rs9406330 0.0734 rs9283852 0.0532 rs7741251 0.0529 rs4716360 0.0502 rs9478102 0.0582 rs6904219 0.2139 rs4710807 0.0597 rs1532389 0.0826 rs10946292 0.0525 rs4710758 0.1408 rs745285 0.1201 rs7763013 0.0517 rs7771267 0.0516 rs2983222 0.0693 rs6909300 0.0835 rs10806879 0.0517 rs9356658

npl:4> # use rs533040 0.093826 rs17193 0.059704 rs9459417 0.180409 rs220821 0.208864 rs221724 0.068443 rs6906719 0.057333 rs6938249 0.052156 rs2983505 0.110722 rs7762160 0.065189 rs9459464 0.147110 rs3008054 0.053815 rs9347084 0.109200 rs1039001 0.169185 rs6928719 0.061127 rs10455964 0.171043 rs7741397 0.054355 rs955075 0.123876 rs6899687 0.053428 rs300148 0.052207 rs2166251 0.051212 rs2305089 0.109423 rs12190692 0.052723 rs4709109 0.117934 rs6910073 0.232685 rs6934656 0.139522 rs2343591 0.060767 rs9355578 0.368604 rs9355580 0.088547 rs3817792 0.053561 rs734560 0.068366 rs12524741 0.078358 rs1894660 0.066951 rs378373 0.063757 rs3823204 0.051506 rs3823196 0.147006 rs916390 0.057675 rs6903559 0.056103 rs6456102 0.098384 rs760837 0.050798 rs3734600 0.171348 rs4710089 0.143492 rs10946189 0.162590 rs2881194 0.130422 rs13216122 0.063898 rs7755545 0.080640 rs13213697 0.056160 rs2757048 0.052587 rs2149085 0.076795 rs3798315 0.129248 rs3093000 0.182664 rs2180713 0.062739 rs4709159 0.172509 rs7749014 0.127269 rs6934339 0.052123 rs4364453 0.054705 rs9364939 0.872082 rs676740 0.114381 rs2843011 0.054827 rs11751451 0.226855 rs3734900 0.057572 rs9455952 0.051556 rs12213265 0.055213 rs9455576 0.053695 rs4708668 0.178571 rs12214678 0.171263 rs4708445 0.056429 rs2291098 0.054369 rs9346682 0.079844 rs12202943 0.138019 rs1551988 0.058558 rs4292501 0.064730 rs2609299 0.066278 rs2749266 0.083076 rs9456183 0.055960 rs11969025 0.063261 rs3734421 0.064931 rs911946 0.056406 rs677107 0.051243 rs9364289 0.080715 rs9364309 0.060781 rs9294935 0.073400 rs4596451 0.124881 rs9294943 0.050373 rs12193635 0.200780 rs9346612 0.238443 rs9688959 0.052887 rs1132782 0.056882 rs9379341 0.055003 rs6605524 0.062596 rs9717830 0.172338 rs9294983 0.117324 rs9406330 0.073383 rs9283852 0.053216 rs7741251 0.052894 rs4716360 0.050238 rs9478102 0.058187 rs6904219 0.213896 rs4710807 0.059686 rs1532389 0.082520 rs10946292 0.052534 rs4710758 0.140830 rs745285 0.120157 rs7763013 0.051677 rs7771267 0.051585 rs2983222 0.069367 rs6909300 0.083451 rs10806879 0.051691 rs9356658
ok

npl:5> ps off
Postscript output is now 'off'

npl:6> score all
The current score function is now 'all'

npl:7> increment step 2
Scanning will be done in 2 steps per map interval

npl:8> max bits 19
Currently analyzing a maximum of 19 bits per pedigree

npl:9> haplo off
Haplotype output is now 'off'

npl:10> count recs off
Count recs is now 'off'

npl:11> discard off
Unaffected children are now used.

npl:12> off end
Scanning will be done 0.0 cM beyond the ends of the map

npl:13> scan pedin_11.06
scan pedigrees is running...

Number of pedigrees: 4
Total number of persons in pedigrees: 27


analyzing pedigree 1001... 
Pedigree 1001 has 2 bits (2 nonfounders and 2 founders).
using non-originals:  22 23

in pedigree 1001:
f_map_order[0:107] =   0  1  2  3  4  5  6  7  8  9 10 11 12 13 14 15 16 17 18 19 20 21 22 23 24 25 26 27 28 29 30 31 32 33 34 35 36 37 38 39 40 41 42 43 44 45 46 47 48 49 50 51 52 53 54 55 56 57 58 59 60 61 62 63 64 65 66 67 68 69 70 71 72 73 74 75 76 77 78 79 80 81 82 83 84 85 86 87 88 89 90 91 92 93 94 95 96 97 98 99100101102103104105106107
                                        X        X                       X           X                    X  X  X     X              X     X  X     X  X  X  X  X     X  X           X           X  X        X              X  X  X  X     X              X  X  X  X  X           X  X  X              X        X  X  X  X     X  X  X        X  X  X   
  (The markers marked above with a * or X are uninformative.)
  (* --> automatically removed                              )
  (X --> still used for prior/left/right probabilities      )


position  LOD score    NPL score  p-value    information
   0.00    0.124125     0.000000  1.000000    0.990168
   0.05    0.124532     0.000000  1.000000    0.994602
   0.09    0.124939     0.000000  1.000000    1.000000
   0.12    0.124938     0.000000  1.000000    0.999971
   0.15    0.124937     0.000000  1.000000    0.999958
   0.24    0.124936     0.000000  1.000000    0.999800
   0.33    0.124939     0.000000  1.000000    0.999769
   0.44    0.124937     0.000000  1.000000    0.999695
   0.54    0.124939     0.000000  1.000000    0.999770
   0.58    0.124939     0.000000  1.000000    0.999791
   0.61    0.124939     0.000000  1.000000    0.999829
   0.64    0.124938     0.000000  1.000000    0.999853
   0.67    0.124938     0.000000  1.000000    0.999891
   0.69    0.124938     0.000000  1.000000    0.999937
   0.72    0.124939     0.000000  1.000000    1.000000
   0.78    0.124938     0.000000  1.000000    0.999974
   0.83    0.124939     0.000000  1.000000    1.000000
   0.86    0.124938     0.000000  1.000000    0.999953
   0.90    0.124937     0.000000  1.000000    0.999925
   0.97    0.124937     0.000000  1.000000    0.999921
   1.04    0.124939     0.000000  1.000000    1.000000
   1.07    0.124939     0.000000  1.000000    0.999993
   1.10    0.124939     0.000000  1.000000    1.000000
   1.15    0.124938     0.000000  1.000000    0.999941
   1.21    0.124939     0.000000  1.000000    0.999932
   1.29    0.124937     0.000000  1.000000    0.999892
   1.38    0.124937     0.000000  1.000000    0.999960
   1.41    0.124938     0.000000  1.000000    0.999971
   1.44    0.124939     0.000000  1.000000    1.000000
   1.52    0.124937     0.000000  1.000000    0.999925
   1.61    0.124939     0.000000  1.000000    0.999964
   1.64    0.124938     0.000000  1.000000    0.999950
   1.66    0.124937     0.000000  1.000000    0.999952
   1.72    0.124935     0.000000  1.000000    0.999900
   1.79    0.124935     0.000000  1.000000    0.999904
   1.81    0.124936     0.000000  1.000000    0.999923
   1.84    0.124937     0.000000  1.000000    0.999954
   1.87    0.124938     0.000000  1.000000    0.999948
   1.89    0.124939     0.000000  1.000000    0.999957
   1.92    0.124939     0.000000  1.000000    0.999942
   1.94    0.124939     0.000000  1.000000    0.999938
   2.00    0.124937     0.000000  1.000000    0.999890
   2.05    0.124935     0.000000  1.000000    0.999888
   2.08    0.124935     0.000000  1.000000    0.999903
   2.11    0.124935     0.000000  1.000000    0.999929
   2.16    0.124936     0.000000  1.000000    0.999887
   2.22    0.124939     0.000000  1.000000    0.999902
   2.34    0.124925     0.000000  1.000000    0.999641
   2.46    0.124916     0.000000  1.000000    0.999586
   2.53    0.124913     0.000000  1.000000    0.999514
   2.60    0.124911     0.000000  1.000000    0.999509
   2.63    0.124911     0.000000  1.000000    0.999502
   2.66    0.124911     0.000000  1.000000    0.999509
   2.84    0.124919     0.000000  1.000000    0.999152
   3.02    0.124939     0.000000  1.000000    0.999266
   3.07    0.124937     0.000000  1.000000    0.999194
   3.11    0.124936     0.000000  1.000000    0.999149
   3.14    0.124935     0.000000  1.000000    0.999134
   3.17    0.124935     0.000000  1.000000    0.999128
   3.20    0.124935     0.000000  1.000000    0.999132
   3.24    0.124936     0.000000  1.000000    0.999151
   3.27    0.124937     0.000000  1.000000    0.999190
   3.31    0.124939     0.000000  1.000000    0.999252
   3.35    0.124938     0.000000  1.000000    0.999266
   3.38    0.124938     0.000000  1.000000    0.999295
   3.41    0.124938     0.000000  1.000000    0.999336
   3.44    0.124939     0.000000  1.000000    0.999393
   3.47    0.124939     0.000000  1.000000    0.999429
   3.50    0.124939     0.000000  1.000000    0.999475
   3.57    0.124938     0.000000  1.000000    0.999600
   3.64    0.124939     0.000000  1.000000    0.999808
   3.67    0.124936     0.000000  1.000000    0.999836
   3.70    0.124934     0.000000  1.000000    0.999893
   3.73    0.124931     0.000000  1.000000    0.999839
   3.76    0.124930     0.000000  1.000000    0.999798
   3.81    0.124927     0.000000  1.000000    0.999754
   3.85    0.124925     0.000000  1.000000    0.999745
   3.88    0.124925     0.000000  1.000000    0.999653
   3.91    0.124924     0.000000  1.000000    0.999579
   3.99    0.124925     0.000000  1.000000    0.999400
   4.08    0.124928     0.000000  1.000000    0.999318
   4.15    0.124932     0.000000  1.000000    0.999321
   4.22    0.124939     0.000000  1.000000    0.999398
   4.30    0.124923     0.000000  1.000000    0.999089
   4.38    0.124910     0.000000  1.000000    0.998888
   4.45    0.124901     0.000000  1.000000    0.998786
   4.51    0.124894     0.000000  1.000000    0.998734
   4.55    0.124891     0.000000  1.000000    0.998726
   4.58    0.124888     0.000000  1.000000    0.998730
   4.62    0.124885     0.000000  1.000000    0.998753
   4.66    0.124883     0.000000  1.000000    0.998795
   4.69    0.124882     0.000000  1.000000    0.998836
   4.71    0.124881     0.000000  1.000000    0.998888
   4.74    0.124880     0.000000  1.000000    0.998949
   4.77    0.124880     0.000000  1.000000    0.999026
   4.81    0.124879     0.000000  1.000000    0.998972
   4.84    0.124880     0.000000  1.000000    0.998939
   4.91    0.124881     0.000000  1.000000    0.998927
   4.97    0.124884     0.000000  1.000000    0.998963
   5.06    0.124891     0.000000  1.000000    0.999099
   5.16    0.124901     0.000000  1.000000    0.999344
   5.19    0.124905     0.000000  1.000000    0.999402
   5.22    0.124909     0.000000  1.000000    0.999474
   5.30    0.124922     0.000000  1.000000    0.999669
   5.39    0.124939     0.000000  1.000000    1.000000
   5.45    0.124937     0.000000  1.000000    0.999634
   5.52    0.124938     0.000000  1.000000    0.999364
   5.54    0.124938     0.000000  1.000000    0.999273
   5.57    0.124939     0.000000  1.000000    0.999194
   5.60    0.124939     0.000000  1.000000    0.999095
   5.63    0.124939     0.000000  1.000000    0.999008
   6.06   -0.175969     0.000000  1.000000    0.498138
   6.50   -3.441143     0.000000  1.000000    0.998195
   6.55   -3.448906     0.000000  1.000000    0.998199
   6.61   -3.465577     0.000000  1.000000    0.998247
   6.64   -3.477008     0.000000  1.000000    0.998284
   6.67   -3.490899     0.000000  1.000000    0.998329
   6.78   -3.580903     0.000000  1.000000    0.998612
   6.89   -3.757941     0.000000  1.000000    0.999061
   6.92   -3.809914     0.000000  1.000000    0.999155
   6.95   -3.874670     0.000000  1.000000    0.999263
   6.98   -3.939324     0.000000  1.000000    0.999352
   7.00   -4.021733     0.000000  1.000000    0.999453
   7.03   -4.141204     0.000000  1.000000    0.999574
   7.06   -4.321116     0.000000  1.000000    0.999710
   7.08   -4.608328     0.000000  1.000000    0.999840
   7.11   -8.423945     0.000000  1.000000    1.000000
   7.20   -4.292640     0.000000  1.000000    0.999684
   7.29   -4.070930     0.000000  1.000000    0.999510
   7.38   -3.929977     0.000000  1.000000    0.999334
   7.46   -3.871557     0.000000  1.000000    0.999258
   7.49   -3.838741     0.000000  1.000000    0.999193
   7.52   -3.813001     0.000000  1.000000    0.999142
   7.54   -3.793896     0.000000  1.000000    0.999103
   7.57   -3.779693     0.000000  1.000000    0.999073
   7.61   -3.766818     0.000000  1.000000    0.999046
   7.65   -3.762784     0.000000  1.000000    0.999037
   7.72   -3.776211     0.000000  1.000000    0.999065
   7.79   -3.818148     0.000000  1.000000    0.999151
   7.82   -3.846494     0.000000  1.000000    0.999206
   7.85   -3.882835     0.000000  1.000000    0.999275
   7.88   -3.902601     0.000000  1.000000    0.999300
   7.91   -3.931522     0.000000  1.000000    0.999339
   7.95   -3.972585     0.000000  1.000000    0.999394
   7.98   -4.028664     0.000000  1.000000    0.999465
   8.02   -4.103104     0.000000  1.000000    0.999539
   8.06   -4.218666     0.000000  1.000000    0.999640
   8.09   -4.318442     0.000000  1.000000    0.999707
   8.12   -4.469027     0.000000  1.000000    0.999787
   8.15   -4.573748     0.000000  1.000000    0.999820
   8.18   -4.762581     0.000000  1.000000    0.999885
   8.21   -4.513808     0.000000  1.000000    0.999798
   8.25   -4.379427     0.000000  1.000000    0.999730
   8.27   -4.304793     0.000000  1.000000    0.999683
   8.30   -4.254169     0.000000  1.000000    0.999647
   8.33   -4.223376     0.000000  1.000000    0.999624
   8.35   -4.204243     0.000000  1.000000    0.999608
   8.39   -4.194594     0.000000  1.000000    0.999600
   8.43   -4.208873     0.000000  1.000000    0.999613
   8.47   -4.236768     0.000000  1.000000    0.999635
   8.50   -4.282658     0.000000  1.000000    0.999670
   8.53   -4.371439     0.000000  1.000000    0.999729
   8.57   -4.522828     0.000000  1.000000    0.999810
   8.63   -4.681217     0.000000  1.000000    0.999859
   8.69   -5.474751     0.000000  1.000000    0.999975
   8.72   -5.628652     0.000000  1.000000    0.999981
   8.74   -9.205031     0.000000  1.000000    1.000000
   8.84   -4.292514     0.000000  1.000000    0.999673
   8.94   -4.094338     0.000000  1.000000    0.999503
   9.06   -4.057698     0.000000  1.000000    0.999464
   9.18   -4.191673     0.000000  1.000000    0.999596
   9.21   -4.259274     0.000000  1.000000    0.999650
   9.24   -4.353783     0.000000  1.000000    0.999714
   9.26   -4.507823     0.000000  1.000000    0.999794
   9.29   -4.792824     0.000000  1.000000    0.999893
   9.32   -5.052369     0.000000  1.000000    0.999937
   9.35  -10000.000000     0.000000  1.000000    1.000000
   9.38   -5.406239     0.000000  1.000000    0.999970
   9.41   -5.239882     0.000000  1.000000    0.999958
   9.50   -4.708734     0.000000  1.000000    0.999865
   9.58   -4.756403     0.000000  1.000000    0.999884
   9.64   -4.182486     0.000000  1.000000    0.999592
   9.70   -3.972570     0.000000  1.000000    0.999379
   9.74   -3.891727     0.000000  1.000000    0.999275
   9.77   -3.831979     0.000000  1.000000    0.999195
   9.80   -3.782301     0.000000  1.000000    0.999106
   9.83   -3.741329     0.000000  1.000000    0.999028
   9.85   -3.692405     0.000000  1.000000    0.998910
   9.88   -3.651337     0.000000  1.000000    0.998806
   9.90   -3.618141     0.000000  1.000000    0.998716
   9.93   -3.589567     0.000000  1.000000    0.998635
   9.96   -3.561288     0.000000  1.000000    0.998550
   9.99   -3.537436     0.000000  1.000000    0.998475
  10.10   -3.479471     0.000000  1.000000    0.998286
  10.20   -3.457703     0.000000  1.000000    0.998228
  10.23   -3.457200     0.000000  1.000000    0.998237
  10.26   -3.459070     0.000000  1.000000    0.998261
  10.30   -3.443012     0.000000  1.000000    0.998182
  10.34   -3.431771     0.000000  1.000000    0.998128
  10.37   -3.426959     0.000000  1.000000    0.998105
  10.40   -3.423891     0.000000  1.000000    0.998090
  10.47   -3.424061     0.000000  1.000000    0.998087
  10.54   -3.436596     0.000000  1.000000    0.998140
  10.60   -3.457878     0.000000  1.000000    0.998230
  10.66   -3.490477     0.000000  1.000000    0.998369
  10.68   -3.500044     0.000000  1.000000    0.998400
  10.71   -3.511836     0.000000  1.000000    0.998439
  10.74   -3.515332     0.000000  1.000000    0.998400
  10.76   -3.521924     0.000000  1.000000    0.998391
  10.80   -3.535916     0.000000  1.000000    0.998407
  10.83   -3.556345     0.000000  1.000000    0.998454
  10.87   -3.590832     0.000000  1.000000    0.998551
  10.91   -3.638702     0.000000  1.000000    0.998699
  10.94   -3.676990     0.000000  1.000000    0.998822
  10.97   -3.723877     0.000000  1.000000    0.998992


analyzing pedigree 1002... 
Pedigree 1002 has 4 bits (3 nonfounders and 2 founders).
using non-originals:  17 18 19

in pedigree 1002:
f_map_order[0:107] =   0  1  2  3  4  5  6  7  8  9 10 11 12 13 14 15 16 17 18 19 20 21 22 23 24 25 26 27 28 29 30 31 32 33 34 35 36 37 38 39 40 41 42 43 44 45 46 47 48 49 50 51 52 53 54 55 56 57 58 59 60 61 62 63 64 65 66 67 68 69 70 71 72 73 74 75 76 77 78 79 80 81 82 83 84 85 86 87 88 89 90 91 92 93 94 95 96 97 98 99100101102103104105106107
                                     X  X                 X  X  X  X                    X        X        X     X  X  X                 X  X  X     X     X  X  X           X     X  X     X        X  X  X     X  X  X     X  X  X        X  X     X  X     X        X                 X        X        X        X     X              X  X            
  (The markers marked above with a * or X are uninformative.)
  (* --> automatically removed                              )
  (X --> still used for prior/left/right probabilities      )


position  LOD score    NPL score  p-value    information
   0.00   -2.477760     0.000000  1.000000    0.991925
   0.05   -2.777920     0.000000  1.000000    0.995599
   0.09   -5.700041     0.000000  1.000000    0.999991
   0.12   -5.787120     0.000000  1.000000    0.999992
   0.15  -10.695623     0.000000  1.000000    1.000000
   0.24   -4.660027     0.000000  1.000000    0.999911
   0.33   -4.493111     0.000000  1.000000    0.999877
   0.44   -4.356942     0.000000  1.000000    0.999831
   0.54   -4.395591     0.000000  1.000000    0.999848
   0.58   -4.394518     0.000000  1.000000    0.999846
   0.61   -4.411807     0.000000  1.000000    0.999851
   0.64   -4.442040     0.000000  1.000000    0.999860
   0.67   -4.490011     0.000000  1.000000    0.999873
   0.69   -4.554334     0.000000  1.000000    0.999890
   0.72   -4.648222     0.000000  1.000000    0.999911
   0.78   -4.753959     0.000000  1.000000    0.999926
   0.83   -5.076593     0.000000  1.000000    0.999964
   0.86   -5.019458     0.000000  1.000000    0.999959
   0.90   -5.034854     0.000000  1.000000    0.999961
   0.97   -5.072058     0.000000  1.000000    0.999963
   1.04  -10.466011     0.000000  1.000000    1.000000
   1.07   -5.145225     0.000000  1.000000    0.999969
   1.10   -4.876767     0.000000  1.000000    0.999945
   1.15   -4.460943     0.000000  1.000000    0.999862
   1.21   -4.286958     0.000000  1.000000    0.999799
   1.29   -4.157223     0.000000  1.000000    0.999735
   1.38   -4.111463     0.000000  1.000000    0.999708
   1.41   -4.109915     0.000000  1.000000    0.999707
   1.44   -4.115892     0.000000  1.000000    0.999711
   1.52   -4.177182     0.000000  1.000000    0.999747
   1.61   -4.337765     0.000000  1.000000    0.999821
   1.64   -4.429152     0.000000  1.000000    0.999854
   1.66   -4.561439     0.000000  1.000000    0.999893
   1.72   -4.700481     0.000000  1.000000    0.999917
   1.79   -5.159397     0.000000  1.000000    0.999970
   1.81   -5.140144     0.000000  1.000000    0.999969
   1.84   -5.184468     0.000000  1.000000    0.999972
   1.87   -5.232744     0.000000  1.000000    0.999974
   1.89   -5.377585     0.000000  1.000000    0.999981
   1.92   -5.591208     0.000000  1.000000    0.999988
   1.94  -10000.000000     0.000000  1.000000    1.000000
   2.00   -5.262667     0.000000  1.000000    0.999975
   2.05   -5.176636     0.000000  1.000000    0.999971
   2.08   -4.977414     0.000000  1.000000    0.999954
   2.11   -4.872331     0.000000  1.000000    0.999942
   2.16   -4.788431     0.000000  1.000000    0.999931
   2.22   -4.848515     0.000000  1.000000    0.999942
   2.34   -4.392783     0.000000  1.000000    0.999840
   2.46   -4.324007     0.000000  1.000000    0.999824
   2.53   -4.241659     0.000000  1.000000    0.999786
   2.60   -4.219878     0.000000  1.000000    0.999777
   2.63   -4.226331     0.000000  1.000000    0.999781
   2.66   -4.242781     0.000000  1.000000    0.999791
   2.84   -4.276733     0.000000  1.000000    0.999796
   3.02   -9.496922     0.000000  1.000000    1.000000
   3.07   -5.126315     0.000000  1.000000    0.999967
   3.11   -4.915260     0.000000  1.000000    0.999948
   3.14   -4.865644     0.000000  1.000000    0.999943
   3.17   -4.851553     0.000000  1.000000    0.999942
   3.20   -4.738213     0.000000  1.000000    0.999924
   3.24   -4.681886     0.000000  1.000000    0.999914
   3.27   -4.664487     0.000000  1.000000    0.999910
   3.31   -4.692242     0.000000  1.000000    0.999915
   3.35   -4.758661     0.000000  1.000000    0.999926
   3.38   -4.887659     0.000000  1.000000    0.999944
   3.41   -5.142612     0.000000  1.000000    0.999968
   3.44  -10.066870     0.000000  1.000000    1.000000
   3.47   -6.325755     0.000000  1.000000    0.999997
   3.50  -10.086124     0.000000  1.000000    1.000000
   3.57   -5.165486     0.000000  1.000000    0.999969
   3.64   -5.224586     0.000000  1.000000    0.999974
   3.67   -5.250256     0.000000  1.000000    0.999975
   3.70   -5.387743     0.000000  1.000000    0.999982
   3.73   -5.138746     0.000000  1.000000    0.999967
   3.76   -5.031006     0.000000  1.000000    0.999961
   3.81   -4.551338     0.000000  1.000000    0.999885
   3.85   -4.362322     0.000000  1.000000    0.999828
   3.88   -4.301238     0.000000  1.000000    0.999804
   3.91   -4.254855     0.000000  1.000000    0.999784
   3.99   -4.168832     0.000000  1.000000    0.999742
   4.08   -4.158259     0.000000  1.000000    0.999737
   4.15   -4.202211     0.000000  1.000000    0.999763
   4.22   -4.312283     0.000000  1.000000    0.999819
   4.30   -4.260527     0.000000  1.000000    0.999789
   4.38   -4.287377     0.000000  1.000000    0.999799
   4.45   -4.375562     0.000000  1.000000    0.999833
   4.51   -4.576070     0.000000  1.000000    0.999897
   4.55   -4.514225     0.000000  1.000000    0.999878
   4.58   -4.478799     0.000000  1.000000    0.999867
   4.62   -4.463415     0.000000  1.000000    0.999862
   4.66   -4.477890     0.000000  1.000000    0.999866
   4.69   -4.506992     0.000000  1.000000    0.999874
   4.71   -4.555406     0.000000  1.000000    0.999887
   4.74   -4.624613     0.000000  1.000000    0.999903
   4.77   -4.729440     0.000000  1.000000    0.999925
   4.81   -4.744873     0.000000  1.000000    0.999927
   4.84   -4.816943     0.000000  1.000000    0.999938
   4.91   -4.335153     0.000000  1.000000    0.999821
   4.97   -4.147538     0.000000  1.000000    0.999744
   5.06   -3.923635     0.000000  1.000000    0.999584
   5.16   -3.808885     0.000000  1.000000    0.999473
   5.19   -3.782770     0.000000  1.000000    0.999445
   5.22   -3.761667     0.000000  1.000000    0.999424
   5.30   -3.684503     0.000000  1.000000    0.999313
   5.39   -3.638743     0.000000  1.000000    0.999242
   5.45   -3.620054     0.000000  1.000000    0.999214
   5.52   -3.612358     0.000000  1.000000    0.999205
   5.54   -3.612220     0.000000  1.000000    0.999208
   5.57   -3.613819     0.000000  1.000000    0.999216
   5.60   -3.593467     0.000000  1.000000    0.999169
   5.63   -3.575787     0.000000  1.000000    0.999130
   6.06   -3.539352     0.000000  1.000000    0.999028
   6.50   -4.419092     0.000000  1.000000    0.999856
   6.55   -4.410618     0.000000  1.000000    0.999845
   6.61   -4.457201     0.000000  1.000000    0.999867
   6.64   -4.342777     0.000000  1.000000    0.999827
   6.67   -4.260738     0.000000  1.000000    0.999792
   6.78   -4.083590     0.000000  1.000000    0.999696
   6.89   -4.037590     0.000000  1.000000    0.999667
   6.92   -4.040392     0.000000  1.000000    0.999670
   6.95   -4.048933     0.000000  1.000000    0.999678
   6.98   -4.061734     0.000000  1.000000    0.999689
   7.00   -4.079856     0.000000  1.000000    0.999705
   7.03   -4.042994     0.000000  1.000000    0.999673
   7.06   -4.013897     0.000000  1.000000    0.999648
   7.08   -3.991800     0.000000  1.000000    0.999628
   7.11   -3.974997     0.000000  1.000000    0.999613
   7.20   -3.951380     0.000000  1.000000    0.999590
   7.29   -3.973381     0.000000  1.000000    0.999608
   7.38   -4.044449     0.000000  1.000000    0.999665
   7.46   -4.195885     0.000000  1.000000    0.999769
   7.49   -4.182377     0.000000  1.000000    0.999758
   7.52   -4.176641     0.000000  1.000000    0.999753
   7.54   -4.178177     0.000000  1.000000    0.999753
   7.57   -4.186708     0.000000  1.000000    0.999756
   7.61   -4.212942     0.000000  1.000000    0.999769
   7.65   -4.258464     0.000000  1.000000    0.999790
   7.72   -4.406237     0.000000  1.000000    0.999846
   7.79   -4.781794     0.000000  1.000000    0.999933
   7.82   -5.051802     0.000000  1.000000    0.999962
   7.85  -10000.000000     0.000000  1.000000    1.000000
   7.88   -5.199110     0.000000  1.000000    0.999971
   7.91   -4.952719     0.000000  1.000000    0.999952
   7.95   -4.837361     0.000000  1.000000    0.999938
   7.98   -4.785957     0.000000  1.000000    0.999931
   8.02   -4.783848     0.000000  1.000000    0.999931
   8.06   -4.851761     0.000000  1.000000    0.999942
   8.09   -4.709346     0.000000  1.000000    0.999918
   8.12   -4.622158     0.000000  1.000000    0.999901
   8.15   -4.561747     0.000000  1.000000    0.999888
   8.18   -4.529226     0.000000  1.000000    0.999881
   8.21   -4.519020     0.000000  1.000000    0.999880
   8.25   -4.530715     0.000000  1.000000    0.999886
   8.27   -4.486341     0.000000  1.000000    0.999874
   8.30   -4.460092     0.000000  1.000000    0.999866
   8.33   -4.449430     0.000000  1.000000    0.999864
   8.35   -4.450346     0.000000  1.000000    0.999865
   8.39   -4.442008     0.000000  1.000000    0.999862
   8.43   -4.462108     0.000000  1.000000    0.999868
   8.47   -4.467703     0.000000  1.000000    0.999868
   8.50   -4.490719     0.000000  1.000000    0.999874
   8.53   -4.546268     0.000000  1.000000    0.999888
   8.57   -4.645357     0.000000  1.000000    0.999911
   8.63   -4.705660     0.000000  1.000000    0.999918
   8.69   -4.951163     0.000000  1.000000    0.999953
   8.72   -4.909269     0.000000  1.000000    0.999949
   8.74   -4.901210     0.000000  1.000000    0.999948
   8.84   -4.585402     0.000000  1.000000    0.999893
   8.94   -4.602088     0.000000  1.000000    0.999902
   9.06   -4.504916     0.000000  1.000000    0.999875
   9.18   -4.763540     0.000000  1.000000    0.999931
   9.21   -4.834052     0.000000  1.000000    0.999939
   9.24   -4.955805     0.000000  1.000000    0.999953
   9.26   -5.213833     0.000000  1.000000    0.999973
   9.29   -9.901520     0.000000  1.000000    1.000000
   9.32   -6.268572     0.000000  1.000000    0.999997
   9.35   -9.891807     0.000000  1.000000    1.000000
   9.38   -5.137844     0.000000  1.000000    0.999967
   9.41   -4.880724     0.000000  1.000000    0.999943
   9.50   -4.655354     0.000000  1.000000    0.999909
   9.58   -4.688826     0.000000  1.000000    0.999919
   9.64   -4.684943     0.000000  1.000000    0.999917
   9.70   -4.797770     0.000000  1.000000    0.999935
   9.74   -4.801917     0.000000  1.000000    0.999934
   9.77   -4.863049     0.000000  1.000000    0.999941
   9.80   -4.958549     0.000000  1.000000    0.999952
   9.83   -5.137605     0.000000  1.000000    0.999969
   9.85   -5.118486     0.000000  1.000000    0.999967
   9.88   -5.158491     0.000000  1.000000    0.999970
   9.90   -5.032428     0.000000  1.000000    0.999959
   9.93   -4.969858     0.000000  1.000000    0.999953
   9.96   -4.948475     0.000000  1.000000    0.999951
   9.99   -4.975070     0.000000  1.000000    0.999956
  10.10   -0.332413     0.000000  1.000000    0.788475
  10.20   -0.031392     0.000000  1.000000    0.745071
  10.23    0.025383     0.000000  1.000000    0.751605
  10.26    0.075588     0.000000  1.000000    0.766393
  10.30    0.136624     0.000000  1.000000    0.801852
  10.34    0.190130     0.000000  1.000000    0.859145
  10.37    0.221030     0.000000  1.000000    0.912558
  10.40    0.249877     0.000000  1.000000    0.999996
  10.47    0.249875     0.000000  1.000000    0.999957
  10.54    0.249875     0.000000  1.000000    0.999951
  10.60    0.249872     0.000000  1.000000    0.999912
  10.66    0.249871     0.000000  1.000000    0.999896
  10.68    0.249871     0.000000  1.000000    0.999895
  10.71    0.249871     0.000000  1.000000    0.999899
  10.74    0.249872     0.000000  1.000000    0.999906
  10.76    0.249872     0.000000  1.000000    0.999919
  10.80    0.249872     0.000000  1.000000    0.999917
  10.83    0.249873     0.000000  1.000000    0.999922
  10.87    0.249873     0.000000  1.000000    0.999927
  10.91    0.249874     0.000000  1.000000    0.999943
  10.94    0.249876     0.000000  1.000000    0.999949
  10.97    0.249877     0.000000  1.000000    0.999966


analyzing pedigree 1003... 
Pedigree 1003 has 2 bits (2 nonfounders and 2 founders).
using non-originals:  27 25
position  LOD score    NPL score  p-value    information
   0.00   -4.134244    -1.398879  0.750000    0.952549
   0.05   -4.537602    -1.403123  0.750000    0.964051
   0.09  -10000.000000    -1.407372  0.750000    0.976492
   0.12   -8.461793    -1.410792  0.750000    0.987031
   0.15  -10000.000000    -1.414214  1.000000    1.000000
   0.24   -8.402303    -1.413779  0.750000    0.997834
   0.33  -10000.000000    -1.413363  0.750000    0.996051
   0.44   -6.756975    -1.413087  0.750000    0.994943
   0.54   -6.468366    -1.412836  0.750000    0.993970
   0.58   -6.533386    -1.412835  0.750000    0.993989
   0.61   -6.647362    -1.412837  0.750000    0.994026
   0.64   -6.914478    -1.412861  0.750000    0.994158
   0.67  -10000.000000    -1.412886  0.750000    0.994309
   0.69   -7.639687    -1.412889  0.750000    0.994425
   0.72  -10000.000000    -1.412892  0.750000    0.994625
   0.78   -8.225394    -1.412653  0.750000    0.993711
   0.83  -10000.000000    -1.412420  0.750000    0.992862
   0.86   -6.780677    -1.412383  0.750000    0.992740
   0.90   -6.477586    -1.412349  0.750000    0.992629
   0.97   -6.198007    -1.412288  0.750000    0.992464
   1.04   -6.032974    -1.412239  0.750000    0.992372
   1.07   -6.033191    -1.412213  0.750000    0.992282
   1.10   -6.033856    -1.412188  0.750000    0.992201
   1.15   -6.094789    -1.412330  0.750000    0.992636
   1.21   -6.167477    -1.412478  0.750000    0.993118
   1.29   -6.331114    -1.412725  0.750000    0.993958
   1.38   -6.562268    -1.412987  0.750000    0.994895
   1.41   -6.897346    -1.413097  0.750000    0.995323
   1.44  -10000.000000    -1.413210  0.750000    0.995775
   1.52   -8.220943    -1.413483  0.750000    0.996795
   1.61  -10000.000000    -1.413773  0.750000    0.997963
   1.64   -7.003830    -1.413343  0.750000    0.995975
   1.66  -10000.000000    -1.412914  0.750000    0.994376
   1.72   -6.791291    -1.412170  0.750000    0.991848
   1.79  -10000.000000    -1.411435  0.750000    0.989577
   1.81   -7.491529    -1.411057  0.750000    0.988331
   1.84   -7.201422    -1.410682  0.750000    0.987116
   1.87   -7.118411    -1.410611  0.750000    0.986856
   1.89   -7.087704    -1.410543  0.750000    0.986605
   1.92   -7.307166    -1.410616  0.750000    0.986791
   1.94  -10000.000000    -1.410690  0.750000    0.986985
   2.00   -7.022683    -1.410908  0.750000    0.987525
   2.05  -10000.000000    -1.411133  0.750000    0.988129
   2.08   -6.102280    -1.411195  0.750000    0.988202
   2.11   -5.845596    -1.411258  0.750000    0.988314
   2.16   -5.822743    -1.411974  0.750000    0.990702
   2.22  -10000.000000    -1.412698  0.750000    0.993940
   2.34   -5.372937    -1.411045  0.750000    0.987534
   2.46   -4.959071    -1.409423  0.750000    0.982019
   2.53   -4.917517    -1.409087  0.750000    0.980985
   2.60   -4.884934    -1.408762  0.750000    0.980012
   2.63   -5.166118    -1.409476  0.750000    0.982652
   2.66  -10000.000000    -1.410193  0.750000    0.985928
   2.84   -6.710381    -1.409161  0.750000    0.982815
   3.02  -10000.000000    -1.408206  0.750000    0.980137
   3.07   -6.193119    -1.405467  0.750000    0.972818
   3.11   -5.911966    -1.402732  0.750000    0.965976
   3.14   -5.961072    -1.401201  0.750000    0.962207
   3.17   -6.021015    -1.399673  0.750000    0.958547
   3.20   -6.296572    -1.397733  0.750000    0.954060
   3.24  -10000.000000    -1.395796  0.750000    0.949702
   3.27   -7.293679    -1.395522  0.750000    0.949179
   3.31  -10000.000000    -1.395252  0.750000    0.948690
   3.35   -7.599082    -1.394989  0.750000    0.948069
   3.38  -10000.000000    -1.394728  0.750000    0.947466
   3.41   -6.541229    -1.393962  0.750000    0.945787
   3.44   -6.266557    -1.393198  0.750000    0.944132
   3.47   -6.184287    -1.392584  0.750000    0.942821
   3.50   -6.134200    -1.391971  0.750000    0.941526
   3.57   -6.249566    -1.390236  0.750000    0.937937
   3.64  -10000.000000    -1.388513  0.750000    0.934472
   3.67   -7.604999    -1.387831  0.750000    0.933079
   3.70  -10000.000000    -1.387151  0.750000    0.931704
   3.73   -7.533574    -1.385719  0.750000    0.928853
   3.76  -10000.000000    -1.384289  0.750000    0.926048
   3.81   -7.051277    -1.381779  0.750000    0.921177
   3.85  -10000.000000    -1.379274  0.750000    0.916432
   3.88   -6.524351    -1.303490  0.750000    0.801920
   3.91  -10000.000000    -1.227707  0.750000    0.718714
   3.99   -3.951501    -0.972049  0.750000    0.551379
   4.08   -3.466841    -0.716402  0.750000    0.499069
   4.15   -3.244806    -0.502379  0.750000    0.529370
   4.22   -3.074904    -0.288361  0.750000    0.633560
   4.30   -3.020851    -0.244088  0.750000    0.666303
   4.38   -2.975372    -0.199817  0.750000    0.704051
   4.45   -3.030473    -0.164364  0.750000    0.738869
   4.51   -3.100838    -0.128912  0.750000    0.778167
   4.55   -3.165579    -0.123176  0.750000    0.785175
   4.58   -3.243908    -0.117440  0.750000    0.792344
   4.62   -3.388671    -0.116956  0.750000    0.793266
   4.66   -3.615751    -0.116473  0.750000    0.794213
   4.69   -3.915629    -0.125367  0.750000    0.783728
   4.71  -10000.000000    -0.134262  0.750000    0.773630
   4.74   -5.059658    -0.142557  0.750000    0.764204
   4.77   -4.814178    -0.150852  0.750000    0.755060
   4.81   -5.014050    -0.162955  0.750000    0.742227
   4.84  -10000.000000    -0.175059  0.750000    0.729928
   4.91   -4.305307    -0.195413  0.750000    0.710132
   4.97   -4.065313    -0.215768  0.750000    0.691638
   5.06   -4.060043    -0.244542  0.750000    0.667583
   5.16   -4.177438    -0.273319  0.750000    0.645677
   5.19   -4.465956    -0.283215  0.750000    0.638666
   5.22  -10000.000000    -0.293111  0.750000    0.631893
   5.30   -5.035900    -0.320270  0.750000    0.614069
   5.39  -10000.000000    -0.347433  0.750000    0.597827
   5.45   -5.319218    -0.367465  0.750000    0.586732
   5.52  -10000.000000    -0.387499  0.750000    0.576425
   5.54   -4.812296    -0.395696  0.750000    0.572357
   5.57   -4.537424    -0.403893  0.750000    0.568420
   5.60   -4.817274    -0.412513  0.750000    0.564498
   5.63  -10000.000000    -0.421134  0.750000    0.560716
   6.06   -3.612996    -0.558207  0.750000    0.515410
   6.50   -3.922735    -0.695449  0.750000    0.499866
   6.55   -4.309250    -0.916249  0.750000    0.531858
   6.61  -10000.000000    -1.137053  0.750000    0.643009
   6.64   -6.667042    -1.161134  0.750000    0.661063
   6.67  -10000.000000    -1.185216  0.750000    0.680552
   6.78   -0.979832    -0.770062  0.750000    0.307280
   6.89  -10000.000000    -0.354924  0.750000    0.524338
   6.92   -2.482038    -0.292042  0.750000    0.571067
   6.95  -10000.000000    -0.229160  0.750000    0.634122
   6.98   -2.540907    -0.179853  0.750000    0.677556
   7.00   -2.332024    -0.130546  0.750000    0.730353
   7.03   -2.338522    -0.099467  0.750000    0.770721
   7.06   -2.424439    -0.068388  0.750000    0.817180
   7.08   -2.658643    -0.042009  0.750000    0.863891
   7.11  -10000.000000    -0.015630  0.750000    0.921528
   7.20   -1.880151    -0.004478  0.750000    0.939466
   7.29   -1.698577     0.006674  0.250000    0.974605
   7.38   -1.851436     0.004702  0.250000    0.981399
   7.46   -2.095928     0.002730  0.250000    0.988888
   7.49   -2.222877     0.002036  0.250000    0.991368
   7.52   -2.403788     0.001343  0.250000    0.993992
   7.54   -2.704335     0.000658  0.250000    0.996636
   7.57  -10000.000000    -0.000026  0.750000    0.999786
   7.61   -5.365733    -0.000027  0.750000    0.999788
   7.65  -10000.000000    -0.000027  0.750000    0.999824
   7.72   -5.098544    -0.000015  0.750000    0.999858
   7.79  -10000.000000    -0.000003  0.750000    0.999970
   7.82   -5.846446    -0.000003  0.750000    0.999968
   7.85  -10000.000000    -0.000002  0.750000    0.999982
   7.88   -5.762307    -0.000002  0.750000    0.999971
   7.91  -10000.000000    -0.000002  0.750000    0.999979
   7.95   -4.789002     0.000002  0.250000    0.999931
   7.98   -4.538725     0.000006  0.250000    0.999903
   8.02   -4.402019     0.000010  0.250000    0.999880
   8.06   -4.349378     0.000013  0.250000    0.999881
   8.09   -4.347352     0.000012  0.250000    0.999869
   8.12   -4.370162     0.000010  0.250000    0.999867
   8.15   -4.431582     0.000007  0.250000    0.999875
   8.18   -4.549923     0.000005  0.250000    0.999898
   8.21   -4.801773     0.000001  0.250000    0.999932
   8.25  -10000.000000    -0.000002  0.750000    0.999986
   8.27   -5.894305    -0.000001  0.750000    0.999982
   8.30  -10000.000000    -0.000001  0.750000    0.999992
   8.33   -5.006011    -0.000000  0.750000    0.999948
   8.35   -4.753915     0.000000  0.250000    0.999918
   8.39   -4.592073     0.000001  0.250000    0.999886
   8.43   -4.547771     0.000002  0.250000    0.999878
   8.47   -4.569345    -0.000000  0.750000    0.999872
   8.50   -4.645314    -0.000002  0.750000    0.999879
   8.53   -4.870691    -0.000007  0.750000    0.999888
   8.57  -10000.000000    -0.000012  0.750000    0.999919
   8.63   -5.205082    -0.000010  0.750000    0.999906
   8.69  -10000.000000    -0.000007  0.750000    0.999951
   8.72   -5.041049    -0.000004  0.750000    0.999927
   8.74   -4.791291    -0.000001  0.750000    0.999913
   8.84   -4.615934    -0.000008  0.750000    0.999837
   8.94  -10000.000000    -0.000015  0.750000    0.999903
   9.06   -4.483540    -0.000009  0.750000    0.999796
   9.18   -4.694757    -0.000003  0.750000    0.999885
   9.21   -4.950081    -0.000004  0.750000    0.999921
   9.24  -10000.000000    -0.000004  0.750000    0.999971
   9.26   -5.420889    -0.000006  0.750000    0.999939
   9.29   -5.300666    -0.000008  0.750000    0.999921
   9.32   -5.430222    -0.000012  0.750000    0.999904
   9.35  -10000.000000    -0.000016  0.750000    0.999899
   9.38   -4.991256    -0.000015  0.750000    0.999858
   9.41   -4.762762    -0.000014  0.750000    0.999833
   9.50   -4.688074    -0.000017  0.750000    0.999801
   9.58  -10000.000000    -0.000021  0.750000    0.999871
   9.64   -4.278922     0.000003  0.250000    0.999783
   9.70   -4.025908     0.000026  0.250000    0.999754
   9.74   -3.940745     0.000034  0.250000    0.999716
   9.77   -3.883645     0.000041  0.250000    0.999697
   9.80   -3.854755     0.000046  0.250000    0.999691
   9.83   -3.834337     0.000051  0.250000    0.999696
   9.85   -3.821366     0.000051  0.250000    0.999676
   9.88   -3.815082     0.000051  0.250000    0.999667
   9.90   -3.815043     0.000046  0.250000    0.999638
   9.93   -3.820766     0.000042  0.250000    0.999620
   9.96   -3.834935     0.000036  0.250000    0.999607
   9.99   -3.857995     0.000031  0.250000    0.999606
  10.10   -4.057338     0.000010  0.250000    0.999682
  10.20  -10000.000000    -0.000012  0.750000    0.999923
  10.23   -5.103259    -0.000011  0.750000    0.999892
  10.26   -4.888975    -0.000010  0.750000    0.999876
  10.30   -4.819190    -0.000011  0.750000    0.999861
  10.34   -4.922248    -0.000012  0.750000    0.999870
  10.37   -5.149721    -0.000014  0.750000    0.999876
  10.40  -10000.000000    -0.000017  0.750000    0.999894
  10.47   -4.668274    -0.000012  0.750000    0.999825
  10.54   -4.567521    -0.000008  0.750000    0.999828
  10.60   -4.714234    -0.000014  0.750000    0.999825
  10.66  -10000.000000    -0.000020  0.750000    0.999874
  10.68   -5.013874    -0.000019  0.750000    0.999836
  10.71   -4.763713    -0.000018  0.750000    0.999810
  10.74   -4.645575    -0.000055  0.750000    0.999593
  10.76   -4.587293    -0.000091  0.750000    0.999399
  10.80   -4.571063    -0.000173  0.750000    0.999012
  10.83   -4.620320    -0.000254  0.750000    0.998659
  10.87   -4.827607    -0.001132  0.750000    0.995247
  10.91  -10000.000000    -0.002011  0.750000    0.992247
  10.94   -2.685242    -0.001849  0.750000    0.987188
  10.97   -2.384612    -0.001686  0.750000    0.982716


analyzing pedigree 1004... 
Pedigree 1004 has 13 bits (9 nonfounders and 5 founders).
family 1004 is inbred
using non-originals:  7661 7652 6 5 7 11 10 9 8
position  LOD score    NPL score  p-value    information
   0.00  -10000.000000     0.000000  1.000000    0.997637
   0.05   -3.802222     0.000000  1.000000    0.998291
   0.09   -3.644005     0.000000  1.000000    0.999002
   0.12   -3.566818     0.000000  1.000000    0.999308
   0.15   -3.553885     0.000000  1.000000    0.999640
   0.24   -3.517386     0.000000  1.000000    0.999695
   0.33  -10000.000000     0.000000  1.000000    0.999788
   0.44   -3.657715     0.000000  1.000000    0.999793
   0.54  -10000.000000     0.000000  1.000000    0.999848
   0.58   -3.755395     0.000000  1.000000    0.999844
   0.61   -3.517106     0.000000  1.000000    0.999847
   0.64   -3.425756     0.000000  1.000000    0.999848
   0.67   -3.383840     0.000000  1.000000    0.999852
   0.69   -3.377799     0.000000  1.000000    0.999854
   0.72   -3.400807     0.000000  1.000000    0.999858
   0.78   -3.584171     0.000000  1.000000    0.999875
   0.83  -10000.000000     0.000000  1.000000    0.999907
   0.86   -4.156555     0.000000  1.000000    0.999903
   0.90   -4.014729     0.000000  1.000000    0.999905
   0.97   -3.802757     0.000000  1.000000    0.999904
   1.04  -10000.000000     0.000000  1.000000    0.999929
   1.07   -3.402518     0.000000  1.000000    0.999897
   1.10   -3.117829     0.000000  1.000000    0.999871
   1.15   -2.848834     0.000000  1.000000    0.999828
   1.21   -2.709972     0.000000  1.000000    0.999798
   1.29   -2.595328     0.000000  1.000000    0.999773
   1.38   -2.546761     0.000000  1.000000    0.999780
   1.41   -2.515552     0.000000  1.000000    0.999765
   1.44   -2.491483     0.000000  1.000000    0.999754
   1.52   -2.454555     0.000000  1.000000    0.999740
   1.61   -2.455668     0.000000  1.000000    0.999758
   1.64   -2.447991     0.000000  1.000000    0.999752
   1.66   -2.444027     0.000000  1.000000    0.999749
   1.72   -2.448489     0.000000  1.000000    0.999748
   1.79   -2.472494     0.000000  1.000000    0.999763
   1.81   -2.489631     0.000000  1.000000    0.999775
   1.84   -2.511514     0.000000  1.000000    0.999790
   1.87   -2.525144     0.000000  1.000000    0.999799
   1.89   -2.543370     0.000000  1.000000    0.999811
   1.92   -2.566279     0.000000  1.000000    0.999819
   1.94   -2.594964     0.000000  1.000000    0.999830
   2.00   -2.664841     0.000000  1.000000    0.962144
   2.05   -2.765403     0.000000  1.000000    0.942307
   2.08   -2.827571     0.000000  1.000000    0.935700
   2.11   -2.901132     0.000000  1.000000    0.930612
   2.16   -3.125466     0.000000  1.000000    0.924019
   2.22   -3.525308     0.000000  1.000000    0.923489
   2.34   -3.506389     0.000000  1.000000    0.940458
   2.46   -7.333385     0.000000  1.000000    0.999890
   2.53   -6.946813     0.000000  1.000000    0.999862
   2.60   -6.924572     0.000000  1.000000    0.999856
   2.63   -6.971651     0.000000  1.000000    0.999855
   2.66   -7.080960     0.000000  1.000000    0.999858
   2.84   -6.569223     0.000000  1.000000    0.999826
   3.02   -7.503613     0.000000  1.000000    0.999944
   3.07   -7.291097     0.000000  1.000000    0.999962
   3.11   -7.327429     0.000000  1.000000    0.999993
   3.14   -7.322592     0.000000  1.000000    0.999991
   3.17   -7.404159     0.000000  1.000000    0.999994
   3.20   -7.422503     0.000000  1.000000    0.999959
   3.24   -7.597980     0.000000  1.000000    0.999933
   3.27   -7.238322     0.000000  1.000000    0.999902
   3.31   -7.132644     0.000000  1.000000    0.999880
   3.35   -7.042164     0.000000  1.000000    0.999863
   3.38   -7.025260     0.000000  1.000000    0.999853
   3.41   -6.853745     0.000000  1.000000    0.999828
   3.44   -6.761117     0.000000  1.000000    0.999808
   3.47   -6.692265     0.000000  1.000000    0.999793
   3.50   -6.649189     0.000000  1.000000    0.999782
   3.57   -6.561845     0.000000  1.000000    0.999760
   3.64   -6.603106     0.000000  1.000000    0.999762
   3.67   -6.566545     0.000000  1.000000    0.999755
   3.70   -6.550638     0.000000  1.000000    0.999752
   3.73   -6.519728     0.000000  1.000000    0.999747
   3.76   -6.506302     0.000000  1.000000    0.999746
   3.81   -6.382653     0.000000  1.000000    0.999729
   3.85   -6.316692     0.000000  1.000000    0.999723
   3.88   -6.296513     0.000000  1.000000    0.999724
   3.91   -6.284809     0.000000  1.000000    0.999728
   3.99   -6.217713     0.000000  1.000000    0.999717
   4.08   -6.228418     0.000000  1.000000    0.999738
   4.15   -6.245074     0.000000  1.000000    0.999771
   4.22   -6.315069     0.000000  1.000000    0.999827
   4.30   -6.449370     0.000000  1.000000    0.999813
   4.38   -6.838171     0.000000  1.000000    0.999841
   4.45   -6.914742     0.000000  1.000000    0.999785
   4.51   -7.327070     0.000000  1.000000    0.999749
   4.55   -7.205011     0.000000  1.000000    0.999728
   4.58   -7.189296     0.000000  1.000000    0.999712
   4.62   -7.293124     0.000000  1.000000    0.999698
   4.66   -7.791122     0.000000  1.000000    0.999691
   4.69   -7.444955     0.000000  1.000000    0.999682
   4.71   -7.342174     0.000000  1.000000    0.999676
   4.74   -7.199710     0.000000  1.000000    0.999671
   4.77   -7.142548     0.000000  1.000000    0.999669
   4.81   -6.884557     0.000000  1.000000    0.999664
   4.84   -6.767434     0.000000  1.000000    0.999667
   4.91   -6.630768     0.000000  1.000000    0.999614
   4.97   -6.612410     0.000000  1.000000    0.999592
   5.06   -6.577299     0.000000  1.000000    0.999594
   5.16   -6.741069     0.000000  1.000000    0.999652
   5.19   -6.759578     0.000000  1.000000    0.999682
   5.22   -6.809338     0.000000  1.000000    0.999725
   5.30   -6.721272     0.000000  1.000000    0.937804
   5.39   -6.862104     0.000000  1.000000    0.922622
   5.45   -6.937874     0.000000  1.000000    0.929173
   5.52   -7.418666     0.000000  1.000000    0.952881
   5.54   -7.381385     0.000000  1.000000    0.970109
   5.57   -7.452409     0.000000  1.000000    0.999391
   5.60   -6.914167     0.000000  1.000000    0.999359
   5.63   -6.702776     0.000000  1.000000    0.999331
   6.06   -5.716955     0.000000  1.000000    0.998779
   6.50   -6.122189     0.000000  1.000000    0.998921
   6.55   -6.106946     0.000000  1.000000    0.998938
   6.61   -6.121173     0.000000  1.000000    0.998969
   6.64   -6.130561     0.000000  1.000000    0.998986
   6.67   -6.146861     0.000000  1.000000    0.999006
   6.78   -6.264310     0.000000  1.000000    0.999113
   6.89   -6.655437     0.000000  1.000000    0.999273
   6.92   -6.793297     0.000000  1.000000    0.999318
   6.95   -7.027063     0.000000  1.000000    0.999369
   6.98   -6.879340     0.000000  1.000000    0.999379
   7.00   -6.794213     0.000000  1.000000    0.999393
   7.03   -6.665426     0.000000  1.000000    0.999407
   7.06   -6.583547     0.000000  1.000000    0.999423
   7.08   -6.515508     0.000000  1.000000    0.999442
   7.11   -6.468904     0.000000  1.000000    0.999463
   7.20   -6.364779     0.000000  1.000000    0.999530
   7.29   -6.379838     0.000000  1.000000    0.999632
   7.38   -6.484985     0.000000  1.000000    0.999733
   7.46   -6.851736     0.000000  1.000000    0.999872
   7.49   -6.926953     0.000000  1.000000    0.999920
   7.52   -7.062640     0.000000  1.000000    0.999977
   7.54   -7.100663     0.000000  1.000000    0.999982
   7.57   -7.199495     0.000000  1.000000    0.999990
   7.61   -6.946710     0.000000  1.000000    0.999981
   7.65   -6.842762     0.000000  1.000000    0.999979
   7.72   -6.794291     0.000000  1.000000    0.999959
   7.79   -6.921788     0.000000  1.000000    0.999962
   7.82   -7.024968     0.000000  1.000000    0.999969
   7.85   -7.231174     0.000000  1.000000    0.999981
   7.88   -7.118857     0.000000  1.000000    0.999973
   7.91   -7.093046     0.000000  1.000000    0.999971
   7.95   -7.046375     0.000000  1.000000    0.999963
   7.98   -7.067290     0.000000  1.000000    0.999961
   8.02   -7.049251     0.000000  1.000000    0.999956
   8.06   -7.144866     0.000000  1.000000    0.999960
   8.09   -7.253913     0.000000  1.000000    0.999963
   8.12   -7.520150     0.000000  1.000000    0.999969
   8.15   -7.312433     0.000000  1.000000    0.999951
   8.18   -7.262343     0.000000  1.000000    0.999939
   8.21   -7.269378     0.000000  1.000000    0.999932
   8.25   -7.401211     0.000000  1.000000    0.999931
   8.27   -7.220566     0.000000  1.000000    0.999917
   8.30   -7.149758     0.000000  1.000000    0.999908
   8.33   -6.500622     0.000000  1.000000    0.999866
   8.35   -6.257668     0.000000  1.000000    0.999830
   8.39   -6.021052     0.000000  1.000000    0.999776
   8.43   -5.875425     0.000000  1.000000    0.999731
   8.47   -5.736070     0.000000  1.000000    0.999673
   8.50   -5.632941     0.000000  1.000000    0.999620
   8.53   -5.483685     0.000000  1.000000    0.999521
   8.57   -5.374623     0.000000  1.000000    0.999430
   8.63   -4.932781     0.000000  1.000000    0.998745
   8.69   -4.719719     0.000000  1.000000    0.998132
   8.72   -4.568646     0.000000  1.000000    0.997512
   8.74   -4.456941     0.000000  1.000000    0.996921
   8.84   -4.105609     0.000000  1.000000    0.993962
   8.94   -3.914780     0.000000  1.000000    0.991326
   9.06   -3.820323     0.000000  1.000000    0.908752
   9.18   -4.150030     0.000000  1.000000    0.924633
   9.21   -4.405716     0.000000  1.000000    0.941444
   9.24   -9.519580     0.000000  1.000000    0.973288
   9.26   -9.331001     0.000000  1.000000    0.971025
   9.29   -9.431383     0.000000  1.000000    0.968823
   9.32   -9.157550     0.000000  1.000000    0.931037
   9.35   -9.112033     0.000000  1.000000    0.909049
   9.38   -8.610524     0.000000  1.000000    0.891787
   9.41   -8.384265     0.000000  1.000000    0.880950
   9.50   -8.117554     0.000000  1.000000    0.876344
   9.58   -8.043489     0.000000  1.000000    0.933013
   9.64   -7.801932     0.000000  1.000000    0.899156
   9.70   -7.725311     0.000000  1.000000    0.874807
   9.74   -7.601653     0.000000  1.000000    0.849312
   9.77   -7.641023     0.000000  1.000000    0.882035
   9.80   -7.731138     0.000000  1.000000    0.804704
   9.83  -13.656142     0.000000  1.000000    0.881237
   9.85   -8.299711     0.000000  1.000000    0.880845
   9.88   -8.237228     0.000000  1.000000    0.880468
   9.90   -7.665318     0.000000  1.000000    0.879191
   9.93   -7.473675     0.000000  1.000000    0.878112
   9.96   -7.369233     0.000000  1.000000    0.877709
   9.99   -7.330310     0.000000  1.000000    0.877316
  10.10   -7.134755     0.000000  1.000000    0.876677
  10.20   -7.512846     0.000000  1.000000    0.876347
  10.23   -7.273186     0.000000  1.000000    0.875970
  10.26   -7.151687     0.000000  1.000000    0.875606
  10.30   -7.068454     0.000000  1.000000    0.875126
  10.34   -7.045766     0.000000  1.000000    0.874664
  10.37   -6.990951     0.000000  1.000000    0.874378
  10.40   -6.958457     0.000000  1.000000    0.874098
  10.47   -6.955833     0.000000  1.000000    0.873394
  10.54   -7.089531     0.000000  1.000000    0.872734
  10.60   -7.153430     0.000000  1.000000    0.871192
  10.66   -7.428078     0.000000  1.000000    0.869871
  10.68   -7.367642     0.000000  1.000000    0.869474
  10.71   -7.352456     0.000000  1.000000    0.869083
  10.74   -5.280344     0.000000  1.000000    0.867386
  10.76   -4.981485     0.000000  1.000000    0.865893
  10.80   -4.759503     0.000000  1.000000    0.864075
  10.83   -4.613554     0.000000  1.000000    0.862343
  10.87   -4.485464     0.000000  1.000000    0.860514
  10.91   -4.386847     0.000000  1.000000    0.858754
  10.94   -4.335051     0.000000  1.000000    0.858631
  10.97   -4.288757     0.000000  1.000000    0.858806


npl:14> 

npl:14> 

npl:14> 

npl:14> 

npl:14> 

npl:14> 

npl:14> 

npl:14> 

npl:14> 

npl:14> 

npl:14> 

npl:14> 

npl:14> display scores on
Screen display of NPL scores, LOD scores, and haplotypes is now 'on'

npl:15> ps off
Postscript output is now 'off'

npl:16> total stat het

Totalling pedigrees: ....
position LOD_score  (alpha, HLOD)    NPL_score  p-value     information
   0.00  -INFINITY (0.0000, 0.0000)   -0.69944 0.750000      0.983070
   0.05 -10.993212 (0.0000, 0.0000)   -0.70156 0.750000      0.988136
   0.09  -INFINITY (0.0000, 0.0000)   -0.70369 0.750000      0.993871
   0.12 -17.690792 (0.0000, 0.0000)   -0.70540 0.750000      0.996575
   0.15  -INFINITY (0.0000, 0.0000)   -0.70711 1.000000      0.999900
   0.24 -16.454779 (0.0000, 0.0000)   -0.70689 0.750000      0.999310
   0.33  -INFINITY (0.0000, 0.0000)   -0.70668 0.750000      0.998871
   0.44 -14.646695 (0.0000, 0.0000)   -0.70654 0.750000      0.998566
   0.54  -INFINITY (0.0000, 0.0000)   -0.70642 0.750000      0.998359
   0.58 -14.558361 (0.0000, 0.0000)   -0.70642 0.750000      0.998367
   0.61 -14.451336 (0.0000, 0.0000)   -0.70642 0.750000      0.998388
   0.64 -14.657336 (0.0000, 0.0000)   -0.70643 0.750000      0.998430
   0.67  -INFINITY (0.0000, 0.0000)   -0.70644 0.750000      0.998481
   0.69 -15.446883 (0.0000, 0.0000)   -0.70644 0.750000      0.998527
   0.72  -INFINITY (0.0000, 0.0000)   -0.70645 0.750000      0.998599
   0.78 -16.438585 (0.0000, 0.0000)   -0.70633 0.750000      0.998372
   0.83  -INFINITY (0.0000, 0.0000)   -0.70621 0.750000      0.998183
   0.86 -15.831753 (0.0000, 0.0000)   -0.70619 0.750000      0.998139
   0.90 -15.402231 (0.0000, 0.0000)   -0.70617 0.750000      0.998105
   0.97 -14.947885 (0.0000, 0.0000)   -0.70614 0.750000      0.998063
   1.04  -INFINITY (0.0000, 0.0000)   -0.70612 0.750000      0.998075
   1.07 -14.455994 (0.0000, 0.0000)   -0.70611 0.750000      0.998035
   1.10 -13.903513 (0.0000, 0.0000)   -0.70609 0.750000      0.998004
   1.15 -13.279628 (0.0000, 0.0000)   -0.70616 0.750000      0.998067
   1.21 -13.039469 (0.0000, 0.0000)   -0.70624 0.750000      0.998162
   1.29 -12.958728 (0.0000, 0.0000)   -0.70636 0.750000      0.998340
   1.38 -13.095556 (0.0000, 0.0000)   -0.70649 0.750000      0.998586
   1.41 -13.397875 (0.0000, 0.0000)   -0.70655 0.750000      0.998692
   1.44  -INFINITY (0.0000, 0.0000)   -0.70660 0.750000      0.998810
   1.52 -14.727743 (0.0000, 0.0000)   -0.70674 0.750000      0.999052
   1.61  -INFINITY (0.0000, 0.0000)   -0.70689 0.750000      0.999377
   1.64 -13.756035 (0.0000, 0.0000)   -0.70667 0.750000      0.998883
   1.66  -INFINITY (0.0000, 0.0000)   -0.70646 0.750000      0.998493
   1.72 -13.815326 (0.0000, 0.0000)   -0.70609 0.750000      0.997853
   1.79  -INFINITY (0.0000, 0.0000)   -0.70572 0.750000      0.997304
   1.81 -14.996369 (0.0000, 0.0000)   -0.70553 0.750000      0.996999
   1.84 -14.772468 (0.0000, 0.0000)   -0.70534 0.750000      0.996708
   1.87 -14.751361 (0.0000, 0.0000)   -0.70531 0.750000      0.996644
   1.89 -14.883720 (0.0000, 0.0000)   -0.70527 0.750000      0.996589
   1.92 -15.339714 (0.0000, 0.0000)   -0.70531 0.750000      0.996635
   1.94  -INFINITY (0.0000, 0.0000)   -0.70534 0.750000      0.996688
   2.00 -14.825254 (0.0000, 0.0000)   -0.70545 0.750000      0.987383
   2.05  -INFINITY (0.0000, 0.0000)   -0.70557 0.750000      0.982574
   2.08 -13.782330 (0.0000, 0.0000)   -0.70560 0.750000      0.980940
   2.11 -13.494123 (0.0000, 0.0000)   -0.70563 0.750000      0.979699
   2.16 -13.611703 (0.0000, 0.0000)   -0.70599 0.750000      0.978635
   2.22  -INFINITY (0.0000, 0.0000)   -0.70635 0.750000      0.979318
   2.34 -13.147185 (0.0000, 0.0000)   -0.70552 0.750000      0.981868
   2.46 -16.491547 (0.0000, 0.0000)   -0.70471 0.750000      0.995330
   2.53 -15.981077 (0.0000, 0.0000)   -0.70454 0.750000      0.995037
   2.60 -15.904473 (0.0000, 0.0000)   -0.70438 0.750000      0.994788
   2.63 -16.239190 (0.0000, 0.0000)   -0.70474 0.750000      0.995447
   2.66  -INFINITY (0.0000, 0.0000)   -0.70510 0.750000      0.996271
   2.84 -17.431417 (0.0000, 0.0000)   -0.70458 0.750000      0.995397
   3.02  -INFINITY (0.0000, 0.0000)   -0.70410 0.750000      0.994837
   3.07 -18.485594 (0.0000, 0.0000)   -0.70273 0.750000      0.992985
   3.11 -18.029719 (0.0000, 0.0000)   -0.70137 0.750000      0.991267
   3.14 -18.024373 (0.0000, 0.0000)   -0.70060 0.750000      0.990319
   3.17 -18.151792 (0.0000, 0.0000)   -0.69984 0.750000      0.989403
   3.20 -18.332353 (0.0000, 0.0000)   -0.69887 0.750000      0.988269
   3.24  -INFINITY (0.0000, 0.0000)   -0.69790 0.750000      0.987175
   3.27 -19.071550 (0.0000, 0.0000)   -0.69776 0.750000      0.987045
   3.31  -INFINITY (0.0000, 0.0000)   -0.69763 0.750000      0.986934
   3.35 -19.274969 (0.0000, 0.0000)   -0.69749 0.750000      0.986781
   3.38  -INFINITY (0.0000, 0.0000)   -0.69736 0.750000      0.986639
   3.41 -18.412648 (0.0000, 0.0000)   -0.69698 0.750000      0.986230
   3.44 -22.969606 (0.0000, 0.0000)   -0.69660 0.750000      0.985833
   3.47 -19.077368 (0.0000, 0.0000)   -0.69629 0.750000      0.985510
   3.50 -22.744574 (0.0000, 0.0000)   -0.69599 0.750000      0.985196
   3.57 -17.851960 (0.0000, 0.0000)   -0.69512 0.750000      0.984317
   3.64  -INFINITY (0.0000, 0.0000)   -0.69426 0.750000      0.983504
   3.67 -19.296863 (0.0000, 0.0000)   -0.69392 0.750000      0.983161
   3.70  -INFINITY (0.0000, 0.0000)   -0.69358 0.750000      0.982833
   3.73 -19.067117 (0.0000, 0.0000)   -0.69286 0.750000      0.982102
   3.76  -INFINITY (0.0000, 0.0000)   -0.69214 0.750000      0.981388
   3.81 -17.860341 (0.0000, 0.0000)   -0.69089 0.750000      0.980136
   3.85  -INFINITY (0.0000, 0.0000)   -0.68964 0.750000      0.978932
   3.88 -16.997177 (0.0000, 0.0000)   -0.65174 0.750000      0.950275
   3.91  -INFINITY (0.0000, 0.0000)   -0.61385 0.750000      0.929451
   3.99 -14.213121 (0.0000, 0.0000)   -0.48602 0.750000      0.887559
   4.08 -13.728590 (0.0000, 0.0000)   -0.35820 0.750000      0.874466
   4.15 -13.567159 (0.0000, 0.0000)   -0.25119 0.750000      0.882056
   4.22 -13.577318 (0.0000, 0.0000)   -0.14418 0.750000      0.908151
   4.30 -13.605825 (0.0000, 0.0000)   -0.12204 0.750000      0.916249
   4.38 -13.976009 (0.0000, 0.0000)   -0.09991 0.750000      0.925645
   4.45 -14.195875 (0.0000, 0.0000)   -0.08218 0.750000      0.934318
   4.51 -14.879084 (0.0000, 0.0000)   -0.06446 0.750000      0.944137
   4.55 -14.759924 (0.0000, 0.0000)   -0.06159 0.750000      0.945877
   4.58 -14.787115 (0.0000, 0.0000)   -0.05872 0.750000      0.947663
   4.62 -15.020324 (0.0000, 0.0000)   -0.05848 0.750000      0.947894
   4.66 -15.759880 (0.0000, 0.0000)   -0.05824 0.750000      0.948141
   4.69 -15.742694 (0.0000, 0.0000)   -0.06268 0.750000      0.945530
   4.71  -INFINITY (0.0000, 0.0000)   -0.06713 0.750000      0.943020
   4.74 -16.759101 (0.0000, 0.0000)   -0.07128 0.750000      0.940682
   4.77 -16.561287 (0.0000, 0.0000)   -0.07543 0.750000      0.938420
   4.81 -16.518601 (0.0000, 0.0000)   -0.08148 0.750000      0.935198
   4.84  -INFINITY (0.0000, 0.0000)   -0.08753 0.750000      0.932118
   4.91 -15.146347 (0.0000, 0.0000)   -0.09771 0.750000      0.927123
   4.97 -14.700377 (0.0000, 0.0000)   -0.10788 0.750000      0.922484
   5.06 -14.436087 (0.0000, 0.0000)   -0.12227 0.750000      0.916465
   5.16 -14.602492 (0.0000, 0.0000)   -0.13666 0.750000      0.911036
   5.19 -14.883399 (0.0000, 0.0000)   -0.14161 0.750000      0.909299
   5.22  -INFINITY (0.0000, 0.0000)   -0.14656 0.750000      0.907629
   5.30 -15.316752 (0.0000, 0.0000)   -0.16013 0.750000      0.887714
   5.39  -INFINITY (0.0000, 0.0000)   -0.17372 0.750000      0.879923
   5.45 -15.752209 (0.0000, 0.0000)   -0.18373 0.750000      0.878688
   5.52  -INFINITY (0.0000, 0.0000)   -0.19375 0.750000      0.881969
   5.54 -15.680963 (0.0000, 0.0000)   -0.19785 0.750000      0.885237
   5.57 -15.478714 (0.0000, 0.0000)   -0.20195 0.750000      0.891555
   5.60 -15.199970 (0.0000, 0.0000)   -0.20626 0.750000      0.890530
   5.63  -INFINITY (0.0000, 0.0000)   -0.21057 0.750000      0.889546
   6.06 -13.045272 (0.0000, 0.0000)   -0.27910 0.750000      0.752839
   6.50 -17.905159 (0.0000, 0.0000)   -0.34772 0.750000      0.874209
   6.55 -18.275720 (0.0000, 0.0000)   -0.45812 0.750000      0.882210
   6.61  -INFINITY (0.0000, 0.0000)   -0.56853 0.750000      0.910023
   6.64 -20.617389 (0.0000, 0.0000)   -0.58057 0.750000      0.914540
   6.67  -INFINITY (0.0000, 0.0000)   -0.59261 0.750000      0.919420
   6.78 -14.908635 (0.0000, 0.0000)   -0.38503 0.750000      0.826175
   6.89  -INFINITY (0.0000, 0.0000)   -0.17746 0.750000      0.880585
   6.92 -17.125641 (0.0000, 0.0000)   -0.14602 0.750000      0.892303
   6.95  -INFINITY (0.0000, 0.0000)   -0.11458 0.750000      0.908108
   6.98 -17.421306 (0.0000, 0.0000)   -0.08993 0.750000      0.918994
   7.00 -17.227825 (0.0000, 0.0000)   -0.06527 0.750000      0.932226
   7.03 -17.188146 (0.0000, 0.0000)   -0.04973 0.750000      0.942343
   7.06 -17.343000 (0.0000, 0.0000)   -0.03419 0.750000      0.953990
   7.08 -17.774279 (0.0000, 0.0000)   -0.02100 0.750000      0.965700
   7.11  -INFINITY (0.0000, 0.0000)   -0.00781 0.750000      0.980151
   7.20 -16.488949 (0.0000, 0.0000)   -0.00224 0.750000      0.984567
   7.29 -16.122727 (0.0000, 0.0000)    0.00334 0.250000      0.993339
   7.38 -16.310847 (0.0000, 0.0000)    0.00235 0.250000      0.995033
   7.46 -17.015106 (0.0000, 0.0000)    0.00136 0.250000      0.996947
   7.49 -17.170947 (0.0000, 0.0000)    0.00102 0.250000      0.997560
   7.52 -17.456070 (0.0000, 0.0000)    0.00067 0.250000      0.998216
   7.54 -17.777071 (0.0000, 0.0000)    0.00033 0.250000      0.998868
   7.57  -INFINITY (0.0000, 0.0000)   -0.00001 0.750000      0.999652
   7.61 -20.292202 (0.0000, 0.0000)   -0.00001 0.750000      0.999646
   7.65  -INFINITY (0.0000, 0.0000)   -0.00001 0.750000      0.999657
   7.72 -20.075282 (0.0000, 0.0000)   -0.00001 0.750000      0.999682
   7.79  -INFINITY (0.0000, 0.0000)   -0.00000 0.750000      0.999754
   7.82 -21.769709 (0.0000, 0.0000)   -0.00000 0.750000      0.999776
   7.85  -INFINITY (0.0000, 0.0000)   -0.00000 0.750000      0.999809
   7.88 -21.982874 (0.0000, 0.0000)   -0.00000 0.750000      0.999804
   7.91  -INFINITY (0.0000, 0.0000)   -0.00000 0.750000      0.999810
   7.95 -20.645323 (0.0000, 0.0000)    0.00000 0.750000      0.999807
   7.98 -20.420636 (0.0000, 0.0000)    0.00000 0.750000      0.999815
   8.02 -20.338222 (0.0000, 0.0000)    0.00000 0.750000      0.999827
   8.06 -20.564671 (0.0000, 0.0000)    0.00001 0.750000      0.999856
   8.09 -20.629052 (0.0000, 0.0000)    0.00001 0.750000      0.999864
   8.12 -20.981496 (0.0000, 0.0000)    0.00000 0.750000      0.999881
   8.15 -20.879510 (0.0000, 0.0000)    0.00000 0.750000      0.999884
   8.18 -21.104073 (0.0000, 0.0000)    0.00000 0.750000      0.999901
   8.21 -21.103979 (0.0000, 0.0000)    0.00000 0.750000      0.999885
   8.25  -INFINITY (0.0000, 0.0000)   -0.00000 0.750000      0.999883
   8.27 -21.906005 (0.0000, 0.0000)   -0.00000 0.750000      0.999864
   8.30  -INFINITY (0.0000, 0.0000)   -0.00000 0.750000      0.999853
   8.33 -20.179439 (0.0000, 0.0000)   -0.00000 0.750000      0.999825
   8.35 -19.666171 (0.0000, 0.0000)    0.00000 0.750000      0.999805
   8.39 -19.249727 (0.0000, 0.0000)    0.00000 0.750000      0.999781
   8.43 -19.094178 (0.0000, 0.0000)    0.00000 0.750000      0.999772
   8.47 -19.009887 (0.0000, 0.0000)   -0.00000 0.750000      0.999762
   8.50 -19.051633 (0.0000, 0.0000)   -0.00000 0.750000      0.999761
   8.53 -19.272083 (0.0000, 0.0000)   -0.00000 0.750000      0.999756
   8.57  -INFINITY (0.0000, 0.0000)   -0.00001 0.750000      0.999768
   8.63 -19.524741 (0.0000, 0.0000)   -0.00000 0.750000      0.999607
   8.69  -INFINITY (0.0000, 0.0000)   -0.00000 0.750000      0.999503
   8.72 -20.147617 (0.0000, 0.0000)   -0.00000 0.750000      0.999342
   8.74 -23.354472 (0.0000, 0.0000)   -0.00000 0.750000      0.999196
   8.84 -17.599458 (0.0000, 0.0000)   -0.00000 0.750000      0.998341
   8.94  -INFINITY (0.0000, 0.0000)   -0.00001 0.750000      0.997659
   9.06 -16.866476 (0.0000, 0.0000)   -0.00000 0.750000      0.976972
   9.18 -17.799999 (0.0000, 0.0000)   -0.00000 0.750000      0.981011
   9.21 -18.449123 (0.0000, 0.0000)   -0.00000 0.750000      0.985239
   9.24  -INFINITY (0.0000, 0.0000)   -0.00000 0.750000      0.993231
   9.26 -24.473545 (0.0000, 0.0000)   -0.00000 0.750000      0.992683
   9.29 -29.426393 (0.0000, 0.0000)   -0.00000 0.750000      0.992159
   9.32 -25.908714 (0.0000, 0.0000)   -0.00001 0.750000      0.982719
   9.35  -INFINITY (0.0000, 0.0000)   -0.00001 0.750000      0.977237
   9.38 -24.145863 (0.0000, 0.0000)   -0.00001 0.750000      0.972896
   9.41 -23.267634 (0.0000, 0.0000)   -0.00001 0.750000      0.970171
   9.50 -22.169716 (0.0000, 0.0000)   -0.00001 0.750000      0.968980
   9.58  -INFINITY (0.0000, 0.0000)   -0.00001 0.750000      0.983172
   9.64 -20.948283 (0.0000, 0.0000)    0.00000 0.750000      0.974612
   9.70 -20.521559 (0.0000, 0.0000)    0.00001 0.750000      0.968469
   9.74 -20.236043 (0.0000, 0.0000)    0.00002 0.750000      0.962059
   9.77 -20.219695 (0.0000, 0.0000)    0.00002 0.750000      0.970217
   9.80 -20.326743 (0.0000, 0.0000)    0.00002 0.750000      0.950863
   9.83 -26.369412 (0.0000, 0.0000)    0.00003 0.750000      0.969982
   9.85 -20.931967 (0.0000, 0.0000)    0.00003 0.750000      0.969850
   9.88 -20.862138 (0.0000, 0.0000)    0.00003 0.750000      0.969728
   9.90 -20.130930 (0.0000, 0.0000)    0.00002 0.750000      0.969376
   9.93 -19.853865 (0.0000, 0.0000)    0.00002 0.750000      0.969080
   9.96 -19.713930 (0.0000, 0.0000)    0.00002 0.750000      0.968954
   9.99 -19.700810 (0.0000, 0.0000)    0.00002 0.750000      0.968838
  10.10 -15.003977 (0.0000, 0.0000)    0.00000 0.750000      0.915780
  10.20  -INFINITY (0.0000, 0.0000)   -0.00001 0.750000      0.904892
  10.23 -15.808262 (0.0000, 0.0000)   -0.00001 0.750000      0.906426
  10.26 -15.424143 (0.0000, 0.0000)   -0.00000 0.750000      0.910034
  10.30 -15.194031 (0.0000, 0.0000)   -0.00001 0.750000      0.918755
  10.34 -15.209655 (0.0000, 0.0000)   -0.00001 0.750000      0.932952
  10.37 -15.346601 (0.0000, 0.0000)   -0.00001 0.750000      0.946229
  10.40  -INFINITY (0.0000, 0.0000)   -0.00001 0.750000      0.968020
  10.47 -14.798293 (0.0000, 0.0000)   -0.00001 0.750000      0.967816
  10.54 -14.843773 (0.0000, 0.0000)   -0.00000 0.750000      0.967663
  10.60 -15.075670 (0.0000, 0.0000)   -0.00001 0.750000      0.967290
  10.66  -INFINITY (0.0000, 0.0000)   -0.00001 0.750000      0.967003
  10.68 -15.631688 (0.0000, 0.0000)   -0.00001 0.750000      0.966901
  10.71 -15.378133 (0.0000, 0.0000)   -0.00001 0.750000      0.966808
  10.74 -13.191379 (0.0000, 0.0000)   -0.00003 0.750000      0.966322
  10.76 -12.840830 (0.0000, 0.0000)   -0.00005 0.750000      0.965900
  10.80 -12.616609 (0.0000, 0.0000)   -0.00009 0.750000      0.965353
  10.83 -12.540347 (0.0000, 0.0000)   -0.00013 0.750000      0.964844
  10.87 -12.654030 (0.0000, 0.0000)   -0.00057 0.750000      0.963560
  10.91  -INFINITY (0.0000, 0.0000)   -0.00101 0.750000      0.962411
  10.94 -10.447408 (0.0000, 0.0000)   -0.00092 0.750000      0.961147
  10.97 -10.147368 (0.0000, 0.0000)   -0.00084 0.750000      0.960120

npl:17> npl_plot_11.ps
unrecognized command: 'npl_plot_11.ps'

npl:18> lod_plot_11.ps
unrecognized command: 'lod_plot_11.ps'

npl:19> info_content_11.ps
unrecognized command: 'info_content_11.ps'

npl:20> 

npl:20> 

npl:20> 

npl:20> 

npl:20> 

npl:20> q

        ...goodbye...

