    FAMILY     PERSON     MARKER      RATIO
      1003         25   rs893235     0.0111
      1003         27   rs893235     0.0111
      1003         25  rs2857697    0.00884
      1003         27  rs2857697    0.00884
      1003         25   rs154972   0.000950
      1003         27   rs154972   0.000950
      1003         25  rs9470247     0.0112
      1003         27  rs9470247     0.0112
      1003         25   rs958626     0.0112
      1003         27   rs958626     0.0112
      1003         25 rs11754509     0.0115
      1003         27 rs11754509     0.0115
      1003         24 rs13210682     0.0112
      1003         25 rs13210682     0.0112
      1003         27 rs13210682     0.0112
      1003         25   rs199248     0.0112
      1003         27   rs199248     0.0112
      1003         25  rs9403539     0.0113
      1003         27  rs9403539     0.0113
      1003         25   rs612400     0.0112
      1003         27   rs612400     0.0112
      1003         25  rs9479664     0.0225
      1003         27  rs9479664     0.0225
      1003         25  rs4709737     0.0111
      1003         27  rs4709737     0.0111
      1004          7  rs9403539     0.0228
